[2022-06-07 13:11:02.993 +05:00 INF  User profile is available. Using 'C:\Users\shahzad.javaid\AppData\Local\ASP.NET\DataProtection-Keys' as key repository and Windows DPAPI to encrypt keys at rest. 
][2022-06-07 13:11:03.139 +05:00 ERR  An exception occurred while trying to decrypt the element. 
System.Security.Cryptography.CryptographicException: Error occurred during a cryptographic operation.
   at Microsoft.AspNetCore.DataProtection.Cng.DpapiSecretSerializerHelper.UnprotectWithDpapiCore(Byte* pbProtectedData, UInt32 cbProtectedData, Byte* pbOptionalEntropy, UInt32 cbOptionalEntropy)
   at Microsoft.AspNetCore.DataProtection.Cng.DpapiSecretSerializerHelper.UnprotectWithDpapi(Byte[] protectedSecret)
   at Microsoft.AspNetCore.DataProtection.XmlEncryption.DpapiXmlDecryptor.Decrypt(XElement encryptedElement)
][2022-06-07 13:11:03.187 +05:00 ERR  An exception occurred while processing the key element '<key id="f8462c9d-285c-4546-bd7d-0b99d4350bf7" version="1" />'. 
System.Security.Cryptography.CryptographicException: Error occurred during a cryptographic operation.
   at Microsoft.AspNetCore.DataProtection.Cng.DpapiSecretSerializerHelper.UnprotectWithDpapiCore(Byte* pbProtectedData, UInt32 cbProtectedData, Byte* pbOptionalEntropy, UInt32 cbOptionalEntropy)
   at Microsoft.AspNetCore.DataProtection.Cng.DpapiSecretSerializerHelper.UnprotectWithDpapi(Byte[] protectedSecret)
   at Microsoft.AspNetCore.DataProtection.XmlEncryption.DpapiXmlDecryptor.Decrypt(XElement encryptedElement)
   at Microsoft.AspNetCore.DataProtection.XmlEncryption.XmlEncryptionExtensions.DecryptElement(XElement element, IActivator activator)
   at Microsoft.AspNetCore.DataProtection.KeyManagement.XmlKeyManager.Microsoft.AspNetCore.DataProtection.KeyManagement.Internal.IInternalXmlKeyManager.DeserializeDescriptorFromKeyElement(XElement keyElement)
][2022-06-07 13:11:03.193 +05:00 WRN  Key {f8462c9d-285c-4546-bd7d-0b99d4350bf7} is ineligible to be the default key because its CreateEncryptor method failed. 
System.Security.Cryptography.CryptographicException: Error occurred during a cryptographic operation.
   at Microsoft.AspNetCore.DataProtection.Cng.DpapiSecretSerializerHelper.UnprotectWithDpapiCore(Byte* pbProtectedData, UInt32 cbProtectedData, Byte* pbOptionalEntropy, UInt32 cbOptionalEntropy)
   at Microsoft.AspNetCore.DataProtection.Cng.DpapiSecretSerializerHelper.UnprotectWithDpapi(Byte[] protectedSecret)
   at Microsoft.AspNetCore.DataProtection.XmlEncryption.DpapiXmlDecryptor.Decrypt(XElement encryptedElement)
   at Microsoft.AspNetCore.DataProtection.XmlEncryption.XmlEncryptionExtensions.DecryptElement(XElement element, IActivator activator)
   at Microsoft.AspNetCore.DataProtection.KeyManagement.XmlKeyManager.Microsoft.AspNetCore.DataProtection.KeyManagement.Internal.IInternalXmlKeyManager.DeserializeDescriptorFromKeyElement(XElement keyElement)
   at Microsoft.AspNetCore.DataProtection.KeyManagement.DeferredKey.<>c__DisplayClass1_0.<GetLazyDescriptorDelegate>b__0()
   at System.Lazy`1.ViaFactory(LazyThreadSafetyMode mode)
   at System.Lazy`1.ExecutionAndPublication(LazyHelper executionAndPublication, Boolean useDefaultConstructor)
   at System.Lazy`1.CreateValue()
   at System.Lazy`1.get_Value()
   at Microsoft.AspNetCore.DataProtection.KeyManagement.KeyBase.get_Descriptor()
   at Microsoft.AspNetCore.DataProtection.AuthenticatedEncryption.CngGcmAuthenticatedEncryptorFactory.CreateEncryptorInstance(IKey key)
   at Microsoft.AspNetCore.DataProtection.KeyManagement.KeyBase.CreateEncryptor()
   at Microsoft.AspNetCore.DataProtection.KeyManagement.DefaultKeyResolver.CanCreateAuthenticatedEncryptor(IKey key)
][2022-06-07 13:11:03.194 +05:00 WRN  Key {f8462c9d-285c-4546-bd7d-0b99d4350bf7} is ineligible to be the default key because its CreateEncryptor method failed. 
System.Security.Cryptography.CryptographicException: Error occurred during a cryptographic operation.
   at Microsoft.AspNetCore.DataProtection.Cng.DpapiSecretSerializerHelper.UnprotectWithDpapiCore(Byte* pbProtectedData, UInt32 cbProtectedData, Byte* pbOptionalEntropy, UInt32 cbOptionalEntropy)
   at Microsoft.AspNetCore.DataProtection.Cng.DpapiSecretSerializerHelper.UnprotectWithDpapi(Byte[] protectedSecret)
   at Microsoft.AspNetCore.DataProtection.XmlEncryption.DpapiXmlDecryptor.Decrypt(XElement encryptedElement)
   at Microsoft.AspNetCore.DataProtection.XmlEncryption.XmlEncryptionExtensions.DecryptElement(XElement element, IActivator activator)
   at Microsoft.AspNetCore.DataProtection.KeyManagement.XmlKeyManager.Microsoft.AspNetCore.DataProtection.KeyManagement.Internal.IInternalXmlKeyManager.DeserializeDescriptorFromKeyElement(XElement keyElement)
   at Microsoft.AspNetCore.DataProtection.KeyManagement.DeferredKey.<>c__DisplayClass1_0.<GetLazyDescriptorDelegate>b__0()
   at System.Lazy`1.ViaFactory(LazyThreadSafetyMode mode)
--- End of stack trace from previous location ---
   at System.Lazy`1.CreateValue()
   at System.Lazy`1.get_Value()
   at Microsoft.AspNetCore.DataProtection.KeyManagement.KeyBase.get_Descriptor()
   at Microsoft.AspNetCore.DataProtection.AuthenticatedEncryption.CngGcmAuthenticatedEncryptorFactory.CreateEncryptorInstance(IKey key)
   at Microsoft.AspNetCore.DataProtection.KeyManagement.KeyBase.CreateEncryptor()
   at Microsoft.AspNetCore.DataProtection.KeyManagement.DefaultKeyResolver.CanCreateAuthenticatedEncryptor(IKey key)
][2022-06-07 13:11:03.195 +05:00 WRN  Key {f8462c9d-285c-4546-bd7d-0b99d4350bf7} is ineligible to be the default key because its CreateEncryptor method failed. 
System.Security.Cryptography.CryptographicException: Error occurred during a cryptographic operation.
   at Microsoft.AspNetCore.DataProtection.Cng.DpapiSecretSerializerHelper.UnprotectWithDpapiCore(Byte* pbProtectedData, UInt32 cbProtectedData, Byte* pbOptionalEntropy, UInt32 cbOptionalEntropy)
   at Microsoft.AspNetCore.DataProtection.Cng.DpapiSecretSerializerHelper.UnprotectWithDpapi(Byte[] protectedSecret)
   at Microsoft.AspNetCore.DataProtection.XmlEncryption.DpapiXmlDecryptor.Decrypt(XElement encryptedElement)
   at Microsoft.AspNetCore.DataProtection.XmlEncryption.XmlEncryptionExtensions.DecryptElement(XElement element, IActivator activator)
   at Microsoft.AspNetCore.DataProtection.KeyManagement.XmlKeyManager.Microsoft.AspNetCore.DataProtection.KeyManagement.Internal.IInternalXmlKeyManager.DeserializeDescriptorFromKeyElement(XElement keyElement)
   at Microsoft.AspNetCore.DataProtection.KeyManagement.DeferredKey.<>c__DisplayClass1_0.<GetLazyDescriptorDelegate>b__0()
   at System.Lazy`1.ViaFactory(LazyThreadSafetyMode mode)
--- End of stack trace from previous location ---
   at System.Lazy`1.CreateValue()
   at System.Lazy`1.get_Value()
   at Microsoft.AspNetCore.DataProtection.KeyManagement.KeyBase.get_Descriptor()
   at Microsoft.AspNetCore.DataProtection.AuthenticatedEncryption.CngGcmAuthenticatedEncryptorFactory.CreateEncryptorInstance(IKey key)
   at Microsoft.AspNetCore.DataProtection.KeyManagement.KeyBase.CreateEncryptor()
   at Microsoft.AspNetCore.DataProtection.KeyManagement.DefaultKeyResolver.CanCreateAuthenticatedEncryptor(IKey key)
][2022-06-07 13:11:03.198 +05:00 INF  Creating key {1673888f-9bc6-4524-a4b1-cc0a41b8558a} with creation date 2022-06-07 08:11:03Z, activation date 2022-06-07 08:11:03Z, and expiration date 2022-09-05 08:11:03Z. 
][2022-06-07 13:11:03.207 +05:00 INF  Writing data to file 'C:\Users\shahzad.javaid\AppData\Local\ASP.NET\DataProtection-Keys\key-1673888f-9bc6-4524-a4b1-cc0a41b8558a.xml'. 
][2022-06-07 13:11:34.858 +05:00 INF  User profile is available. Using 'C:\Users\shahzad.javaid\AppData\Local\ASP.NET\DataProtection-Keys' as key repository and Windows DPAPI to encrypt keys at rest. 
][2022-06-07 13:13:43.739 +05:00 INF  User profile is available. Using 'C:\Users\shahzad.javaid\AppData\Local\ASP.NET\DataProtection-Keys' as key repository and Windows DPAPI to encrypt keys at rest. 
][2022-06-07 13:13:43.943 +05:00 INF  Unable to bind to https://localhost:7070 on the IPv4 loopback interface: 'An attempt was made to access a socket in a way forbidden by its access permissions.'. 
][2022-06-07 13:13:43.944 +05:00 INF  Unable to bind to https://localhost:7070 on the IPv6 loopback interface: 'An attempt was made to access a socket in a way forbidden by its access permissions.'. 
][2022-06-07 13:19:45.208 +05:00 INF  User profile is available. Using 'C:\Users\shahzad.javaid\AppData\Local\ASP.NET\DataProtection-Keys' as key repository and Windows DPAPI to encrypt keys at rest. 
][2022-06-07 13:19:45.463 +05:00 INF  Unable to bind to https://localhost:7070 on the IPv4 loopback interface: 'An attempt was made to access a socket in a way forbidden by its access permissions.'. 
][2022-06-07 13:19:45.464 +05:00 INF  Unable to bind to https://localhost:7070 on the IPv6 loopback interface: 'An attempt was made to access a socket in a way forbidden by its access permissions.'. 
][2022-06-07 13:30:38.217 +05:00 INF  User profile is available. Using 'C:\Users\shahzad.javaid\AppData\Local\ASP.NET\DataProtection-Keys' as key repository and Windows DPAPI to encrypt keys at rest. 
][2022-06-07 13:30:38.404 +05:00 INF  Unable to bind to https://localhost:7070 on the IPv4 loopback interface: 'An attempt was made to access a socket in a way forbidden by its access permissions.'. 
][2022-06-07 13:30:38.406 +05:00 INF  Unable to bind to https://localhost:7070 on the IPv6 loopback interface: 'An attempt was made to access a socket in a way forbidden by its access permissions.'. 
][2022-06-07 13:31:34.299 +05:00 INF  User profile is available. Using 'C:\Users\shahzad.javaid\AppData\Local\ASP.NET\DataProtection-Keys' as key repository and Windows DPAPI to encrypt keys at rest. 
][2022-06-07 13:31:34.495 +05:00 INF  Now listening on: https://localhost:7070 
][2022-06-07 13:31:34.495 +05:00 INF  Now listening on: http://localhost:5070 
][2022-06-07 13:31:34.497 +05:00 INF  Application started. Press Ctrl+C to shut down. 
][2022-06-07 13:31:34.497 +05:00 INF  Hosting environment: Development 
][2022-06-07 13:31:34.497 +05:00 INF  Content root path: C:\Users\shahzad.javaid\source\repos\AuthCleanArchitectureApiTask\AuthCleanArchitectureApiTask\ 
][2022-06-07 13:31:35.210 +05:00 INF  Request starting HTTP/2 GET https://localhost:7070/swagger/index.html - - 
][2022-06-07 13:31:35.488 +05:00 INF  Request starting HTTP/2 GET https://localhost:7070/_framework/aspnetcore-browser-refresh.js - - 
][2022-06-07 13:31:35.490 +05:00 INF  Request finished HTTP/2 GET https://localhost:7070/swagger/index.html - - - 200 - text/html;charset=utf-8 281.2814ms 
][2022-06-07 13:31:35.491 +05:00 INF  Request finished HTTP/2 GET https://localhost:7070/_framework/aspnetcore-browser-refresh.js - - - 200 11939 application/javascript;+charset=utf-8 3.7428ms 
][2022-06-07 13:31:35.585 +05:00 INF  Request starting HTTP/2 GET https://localhost:7070/swagger/v1/swagger.json - - 
][2022-06-07 13:31:35.683 +05:00 INF  Request finished HTTP/2 GET https://localhost:7070/swagger/v1/swagger.json - - - 200 - application/json;charset=utf-8 97.7055ms 
][2022-06-07 13:34:27.279 +05:00 INF  Request starting HTTP/2 OPTIONS https://localhost:7070/Account/Login - - 
][2022-06-07 13:34:27.282 +05:00 INF  CORS policy execution successful. 
][2022-06-07 13:34:27.283 +05:00 INF  Request finished HTTP/2 OPTIONS https://localhost:7070/Account/Login - - - 204 - - 4.4577ms 
][2022-06-07 13:34:27.290 +05:00 INF  Request starting HTTP/2 POST https://localhost:7070/Account/Login application/json 63 
][2022-06-07 13:34:27.292 +05:00 INF  CORS policy execution successful. 
][2022-06-07 13:34:27.492 +05:00 INF  Failed to validate the token. 
Microsoft.IdentityModel.Tokens.SecurityTokenExpiredException: IDX10223: Lifetime validation failed. The token is expired. ValidTo: 'System.DateTime', Current time: 'System.DateTime'.
   at Microsoft.IdentityModel.Tokens.Validators.ValidateLifetime(Nullable`1 notBefore, Nullable`1 expires, SecurityToken securityToken, TokenValidationParameters validationParameters)
   at System.IdentityModel.Tokens.Jwt.JwtSecurityTokenHandler.ValidateLifetime(Nullable`1 notBefore, Nullable`1 expires, JwtSecurityToken jwtToken, TokenValidationParameters validationParameters)
   at System.IdentityModel.Tokens.Jwt.JwtSecurityTokenHandler.ValidateTokenPayload(JwtSecurityToken jwtToken, TokenValidationParameters validationParameters)
   at System.IdentityModel.Tokens.Jwt.JwtSecurityTokenHandler.ValidateToken(String token, TokenValidationParameters validationParameters, SecurityToken& validatedToken)
   at Microsoft.AspNetCore.Authentication.JwtBearer.JwtBearerHandler.HandleAuthenticateAsync()
][2022-06-07 13:34:27.516 +05:00 INF  Bearer was not authenticated. Failure message: IDX10223: Lifetime validation failed. The token is expired. ValidTo: 'System.DateTime', Current time: 'System.DateTime'. 
][2022-06-07 13:34:27.519 +05:00 INF  Executing endpoint 'WebUI.Controllers.AccountController.Login (WebUI)' 
][2022-06-07 13:34:27.544 +05:00 INF  Route matched with {action = "Login", controller = "Account"}. Executing controller action with signature System.Threading.Tasks.Task`1[Microsoft.AspNetCore.Mvc.ActionResult] Login(Domain.Models.LoginAccount) on controller WebUI.Controllers.AccountController (WebUI). 
][2022-06-07 13:34:28.528 +05:00 INF  Entity Framework Core 6.0.4 initialized 'DataContext' using provider 'Microsoft.EntityFrameworkCore.SqlServer:6.0.4' with options: None 
][2022-06-07 13:34:29.220 +05:00 INF  Executed DbCommand (44ms) [Parameters=[@__normalizedUserName_0='?' (Size = 256)], CommandType='"Text"', CommandTimeout='30']
SELECT TOP(1) [a].[Id], [a].[AccessFailedCount], [a].[ConcurrencyStamp], [a].[Email], [a].[EmailConfirmed], [a].[LockoutEnabled], [a].[LockoutEnd], [a].[NormalizedEmail], [a].[NormalizedUserName], [a].[PasswordHash], [a].[PhoneNumber], [a].[PhoneNumberConfirmed], [a].[SecurityStamp], [a].[TwoFactorEnabled], [a].[UserName]
FROM [AspNetUsers] AS [a]
WHERE [a].[NormalizedUserName] = @__normalizedUserName_0 
][2022-06-07 13:34:29.349 +05:00 INF  Executed DbCommand (5ms) [Parameters=[@__userId_0='?' (Size = 450)], CommandType='"Text"', CommandTimeout='30']
SELECT [a0].[Name]
FROM [AspNetUserRoles] AS [a]
INNER JOIN [AspNetRoles] AS [a0] ON [a].[RoleId] = [a0].[Id]
WHERE [a].[UserId] = @__userId_0 
][2022-06-07 13:34:29.403 +05:00 INF  Executing OkObjectResult, writing value of type 'System.String'. 
][2022-06-07 13:34:29.409 +05:00 INF  Executed action WebUI.Controllers.AccountController.Login (WebUI) in 1860.1662ms 
][2022-06-07 13:34:29.409 +05:00 INF  Executed endpoint 'WebUI.Controllers.AccountController.Login (WebUI)' 
][2022-06-07 13:34:29.413 +05:00 INF  Request finished HTTP/2 POST https://localhost:7070/Account/Login application/json 63 - 200 - text/plain;+charset=utf-8 2122.9060ms 
][2022-06-07 13:34:29.432 +05:00 INF  Request starting HTTP/2 OPTIONS https://localhost:7070/department - - 
][2022-06-07 13:34:29.432 +05:00 INF  CORS policy execution successful. 
][2022-06-07 13:34:29.433 +05:00 INF  Request finished HTTP/2 OPTIONS https://localhost:7070/department - - - 204 - - 0.7353ms 
][2022-06-07 13:34:29.436 +05:00 INF  Request starting HTTP/2 GET https://localhost:7070/department application/json - 
][2022-06-07 13:34:29.436 +05:00 INF  CORS policy execution successful. 
][2022-06-07 13:34:29.459 +05:00 INF  Executing endpoint 'WebUI.Controllers.DepartmentController.GetAllDepartments (WebUI)' 
][2022-06-07 13:34:29.460 +05:00 INF  Route matched with {action = "GetAllDepartments", controller = "Department"}. Executing controller action with signature Microsoft.AspNetCore.Mvc.ActionResult`1[System.Collections.IEnumerable] GetAllDepartments() on controller WebUI.Controllers.DepartmentController (WebUI). 
][2022-06-07 13:34:29.499 +05:00 INF  Entity Framework Core 6.0.4 initialized 'DataContext' using provider 'Microsoft.EntityFrameworkCore.SqlServer:6.0.4' with options: None 
][2022-06-07 13:34:29.512 +05:00 INF  Executed DbCommand (4ms) [Parameters=[], CommandType='"Text"', CommandTimeout='30']
SELECT [d].[Id], [d].[DepartmentName]
FROM [Department] AS [d] 
][2022-06-07 13:34:29.524 +05:00 INF  Executing OkObjectResult, writing value of type 'System.Collections.Generic.List`1[[Domain.Models.Department, Domain, Version=1.0.0.0, Culture=neutral, PublicKeyToken=null]]'. 
][2022-06-07 13:34:29.525 +05:00 INF  Executed action WebUI.Controllers.DepartmentController.GetAllDepartments (WebUI) in 64.9693ms 
][2022-06-07 13:34:29.526 +05:00 INF  Executed endpoint 'WebUI.Controllers.DepartmentController.GetAllDepartments (WebUI)' 
][2022-06-07 13:34:29.526 +05:00 INF  Request finished HTTP/2 GET https://localhost:7070/department application/json - - 200 - application/json;+charset=utf-8 89.8935ms 
][2022-06-07 13:34:36.143 +05:00 INF  Request starting HTTP/2 OPTIONS https://localhost:7070/Account/GetRoles - - 
][2022-06-07 13:34:36.143 +05:00 INF  CORS policy execution successful. 
][2022-06-07 13:34:36.144 +05:00 INF  Request finished HTTP/2 OPTIONS https://localhost:7070/Account/GetRoles - - - 204 - - 0.9275ms 
][2022-06-07 13:34:36.145 +05:00 INF  Request starting HTTP/2 OPTIONS https://localhost:7070/Account/GetUsers - - 
][2022-06-07 13:34:36.149 +05:00 INF  CORS policy execution successful. 
][2022-06-07 13:34:36.151 +05:00 INF  Request starting HTTP/2 GET https://localhost:7070/Account/GetRoles application/json - 
][2022-06-07 13:34:36.151 +05:00 INF  CORS policy execution successful. 
][2022-06-07 13:34:36.152 +05:00 INF  Request finished HTTP/2 OPTIONS https://localhost:7070/Account/GetUsers - - - 204 - - 5.0778ms 
][2022-06-07 13:34:36.153 +05:00 INF  Request starting HTTP/2 GET https://localhost:7070/Account/GetUsers application/json - 
][2022-06-07 13:34:36.153 +05:00 INF  CORS policy execution successful. 
][2022-06-07 13:34:36.155 +05:00 INF  Executing endpoint 'WebUI.Controllers.AccountController.GetRoles (WebUI)' 
][2022-06-07 13:34:36.155 +05:00 INF  Executing endpoint 'WebUI.Controllers.AccountController.GetUsers (WebUI)' 
][2022-06-07 13:34:36.157 +05:00 INF  Route matched with {action = "GetUsers", controller = "Account"}. Executing controller action with signature Microsoft.AspNetCore.Mvc.ActionResult GetUsers() on controller WebUI.Controllers.AccountController (WebUI). 
][2022-06-07 13:34:36.157 +05:00 INF  Route matched with {action = "GetRoles", controller = "Account"}. Executing controller action with signature Microsoft.AspNetCore.Mvc.ActionResult`1[System.Collections.Generic.List`1[Microsoft.AspNetCore.Identity.IdentityRole]] GetRoles() on controller WebUI.Controllers.AccountController (WebUI). 
][2022-06-07 13:34:36.177 +05:00 INF  Entity Framework Core 6.0.4 initialized 'DataContext' using provider 'Microsoft.EntityFrameworkCore.SqlServer:6.0.4' with options: None 
][2022-06-07 13:34:36.177 +05:00 INF  Entity Framework Core 6.0.4 initialized 'DataContext' using provider 'Microsoft.EntityFrameworkCore.SqlServer:6.0.4' with options: None 
][2022-06-07 13:34:36.181 +05:00 INF  Executed DbCommand (1ms) [Parameters=[], CommandType='"Text"', CommandTimeout='30']
SELECT [a].[Id], [a].[ConcurrencyStamp], [a].[Name], [a].[NormalizedName]
FROM [AspNetRoles] AS [a] 
][2022-06-07 13:34:36.184 +05:00 INF  Executed DbCommand (1ms) [Parameters=[], CommandType='"Text"', CommandTimeout='30']
SELECT [a].[Id], [a].[AccessFailedCount], [a].[ConcurrencyStamp], [a].[Email], [a].[EmailConfirmed], [a].[LockoutEnabled], [a].[LockoutEnd], [a].[NormalizedEmail], [a].[NormalizedUserName], [a].[PasswordHash], [a].[PhoneNumber], [a].[PhoneNumberConfirmed], [a].[SecurityStamp], [a].[TwoFactorEnabled], [a].[UserName]
FROM [AspNetUsers] AS [a] 
][2022-06-07 13:34:36.189 +05:00 INF  Executing ObjectResult, writing value of type 'System.Collections.Generic.List`1[[Microsoft.AspNetCore.Identity.IdentityRole, Microsoft.Extensions.Identity.Stores, Version=6.0.0.0, Culture=neutral, PublicKeyToken=adb9793829ddae60]]'. 
][2022-06-07 13:34:36.190 +05:00 INF  Executed action WebUI.Controllers.AccountController.GetRoles (WebUI) in 33.0982ms 
][2022-06-07 13:34:36.190 +05:00 INF  Executed endpoint 'WebUI.Controllers.AccountController.GetRoles (WebUI)' 
][2022-06-07 13:34:36.190 +05:00 INF  Request finished HTTP/2 GET https://localhost:7070/Account/GetRoles application/json - - 200 - application/json;+charset=utf-8 39.6458ms 
][2022-06-07 13:34:36.201 +05:00 INF  Executing OkObjectResult, writing value of type 'System.Collections.Generic.List`1[[Application.Dtos.AccountDtos.GetUsersDto, Application, Version=1.0.0.0, Culture=neutral, PublicKeyToken=null]]'. 
][2022-06-07 13:34:36.201 +05:00 INF  Executed action WebUI.Controllers.AccountController.GetUsers (WebUI) in 44.3611ms 
][2022-06-07 13:34:36.201 +05:00 INF  Executed endpoint 'WebUI.Controllers.AccountController.GetUsers (WebUI)' 
][2022-06-07 13:34:36.201 +05:00 INF  Request finished HTTP/2 GET https://localhost:7070/Account/GetUsers application/json - - 200 - application/json;+charset=utf-8 48.3496ms 
][2022-06-07 13:34:45.659 +05:00 INF  Request starting HTTP/2 OPTIONS https://localhost:7070/Account/UpdateUser - - 
][2022-06-07 13:34:45.659 +05:00 INF  CORS policy execution successful. 
][2022-06-07 13:34:45.660 +05:00 INF  Request finished HTTP/2 OPTIONS https://localhost:7070/Account/UpdateUser - - - 204 - - 0.3194ms 
][2022-06-07 13:34:45.664 +05:00 INF  Request starting HTTP/2 PUT https://localhost:7070/Account/UpdateUser application/json 197 
][2022-06-07 13:34:45.664 +05:00 INF  CORS policy execution successful. 
][2022-06-07 13:34:45.667 +05:00 INF  Executing endpoint 'WebUI.Controllers.AccountController.UpdateUser (WebUI)' 
][2022-06-07 13:34:45.672 +05:00 INF  Route matched with {action = "UpdateUser", controller = "Account"}. Executing controller action with signature System.Threading.Tasks.Task`1[Microsoft.AspNetCore.Mvc.ActionResult] UpdateUser(Application.Dtos.AccountDtos.UpdateUserDto) on controller WebUI.Controllers.AccountController (WebUI). 
][2022-06-07 13:34:45.688 +05:00 INF  Entity Framework Core 6.0.4 initialized 'DataContext' using provider 'Microsoft.EntityFrameworkCore.SqlServer:6.0.4' with options: None 
][2022-06-07 13:34:45.693 +05:00 INF  Executed DbCommand (1ms) [Parameters=[@__id_0='?' (Size = 450)], CommandType='"Text"', CommandTimeout='30']
SELECT TOP(1) [a].[Id], [a].[AccessFailedCount], [a].[ConcurrencyStamp], [a].[Email], [a].[EmailConfirmed], [a].[LockoutEnabled], [a].[LockoutEnd], [a].[NormalizedEmail], [a].[NormalizedUserName], [a].[PasswordHash], [a].[PhoneNumber], [a].[PhoneNumberConfirmed], [a].[SecurityStamp], [a].[TwoFactorEnabled], [a].[UserName]
FROM [AspNetUsers] AS [a]
WHERE [a].[Id] = @__id_0 
][2022-06-07 13:34:45.704 +05:00 INF  Executed DbCommand (1ms) [Parameters=[@__userId_0='?' (Size = 450)], CommandType='"Text"', CommandTimeout='30']
SELECT [a0].[Name]
FROM [AspNetUserRoles] AS [a]
INNER JOIN [AspNetRoles] AS [a0] ON [a].[RoleId] = [a0].[Id]
WHERE [a].[UserId] = @__userId_0 
][2022-06-07 13:34:45.715 +05:00 INF  Executed DbCommand (1ms) [Parameters=[@__normalizedRoleName_0='?' (Size = 256)], CommandType='"Text"', CommandTimeout='30']
SELECT TOP(2) [a].[Id], [a].[ConcurrencyStamp], [a].[Name], [a].[NormalizedName]
FROM [AspNetRoles] AS [a]
WHERE [a].[NormalizedName] = @__normalizedRoleName_0 
][2022-06-07 13:34:45.727 +05:00 INF  Executed DbCommand (1ms) [Parameters=[@__p_0='?' (Size = 450), @__p_1='?' (Size = 450)], CommandType='"Text"', CommandTimeout='30']
SELECT TOP(1) [a].[UserId], [a].[RoleId]
FROM [AspNetUserRoles] AS [a]
WHERE ([a].[UserId] = @__p_0) AND ([a].[RoleId] = @__p_1) 
][2022-06-07 13:34:45.739 +05:00 INF  Executed DbCommand (1ms) [Parameters=[@__normalizedRoleName_0='?' (Size = 256)], CommandType='"Text"', CommandTimeout='30']
SELECT TOP(2) [a].[Id], [a].[ConcurrencyStamp], [a].[Name], [a].[NormalizedName]
FROM [AspNetRoles] AS [a]
WHERE [a].[NormalizedName] = @__normalizedRoleName_0 
][2022-06-07 13:34:45.760 +05:00 INF  Executed DbCommand (1ms) [Parameters=[@__normalizedUserName_0='?' (Size = 256)], CommandType='"Text"', CommandTimeout='30']
SELECT TOP(1) [a].[Id], [a].[AccessFailedCount], [a].[ConcurrencyStamp], [a].[Email], [a].[EmailConfirmed], [a].[LockoutEnabled], [a].[LockoutEnd], [a].[NormalizedEmail], [a].[NormalizedUserName], [a].[PasswordHash], [a].[PhoneNumber], [a].[PhoneNumberConfirmed], [a].[SecurityStamp], [a].[TwoFactorEnabled], [a].[UserName]
FROM [AspNetUsers] AS [a]
WHERE [a].[NormalizedUserName] = @__normalizedUserName_0 
][2022-06-07 13:34:45.839 +05:00 INF  Executed DbCommand (4ms) [Parameters=[@p0='?' (Size = 450), @p1='?' (Size = 450)], CommandType='"Text"', CommandTimeout='30']
SET NOCOUNT ON;
DELETE FROM [AspNetUserRoles]
WHERE [RoleId] = @p0 AND [UserId] = @p1;
SELECT @@ROWCOUNT; 
][2022-06-07 13:34:45.853 +05:00 INF  Executed DbCommand (3ms) [Parameters=[@p14='?' (Size = 450), @p0='?' (DbType = Int32), @p1='?' (Size = 4000), @p15='?' (Size = 4000), @p2='?' (Size = 256), @p3='?' (DbType = Boolean), @p4='?' (DbType = Boolean), @p5='?' (DbType = DateTimeOffset), @p6='?' (Size = 256), @p7='?' (Size = 256), @p8='?' (Size = 4000), @p9='?' (Size = 4000), @p10='?' (DbType = Boolean), @p11='?' (Size = 4000), @p12='?' (DbType = Boolean), @p13='?' (Size = 256)], CommandType='"Text"', CommandTimeout='30']
SET NOCOUNT ON;
UPDATE [AspNetUsers] SET [AccessFailedCount] = @p0, [ConcurrencyStamp] = @p1, [Email] = @p2, [EmailConfirmed] = @p3, [LockoutEnabled] = @p4, [LockoutEnd] = @p5, [NormalizedEmail] = @p6, [NormalizedUserName] = @p7, [PasswordHash] = @p8, [PhoneNumber] = @p9, [PhoneNumberConfirmed] = @p10, [SecurityStamp] = @p11, [TwoFactorEnabled] = @p12, [UserName] = @p13
WHERE [Id] = @p14 AND [ConcurrencyStamp] = @p15;
SELECT @@ROWCOUNT; 
][2022-06-07 13:34:45.872 +05:00 INF  Executed DbCommand (1ms) [Parameters=[@__normalizedRoleName_0='?' (Size = 256)], CommandType='"Text"', CommandTimeout='30']
SELECT TOP(2) [a].[Id], [a].[ConcurrencyStamp], [a].[Name], [a].[NormalizedName]
FROM [AspNetRoles] AS [a]
WHERE [a].[NormalizedName] = @__normalizedRoleName_0 
][2022-06-07 13:34:45.874 +05:00 INF  Executed DbCommand (1ms) [Parameters=[@__p_0='?' (Size = 450), @__p_1='?' (Size = 450)], CommandType='"Text"', CommandTimeout='30']
SELECT TOP(1) [a].[UserId], [a].[RoleId]
FROM [AspNetUserRoles] AS [a]
WHERE ([a].[UserId] = @__p_0) AND ([a].[RoleId] = @__p_1) 
][2022-06-07 13:34:45.876 +05:00 INF  Executed DbCommand (0ms) [Parameters=[@__normalizedRoleName_0='?' (Size = 256)], CommandType='"Text"', CommandTimeout='30']
SELECT TOP(2) [a].[Id], [a].[ConcurrencyStamp], [a].[Name], [a].[NormalizedName]
FROM [AspNetRoles] AS [a]
WHERE [a].[NormalizedName] = @__normalizedRoleName_0 
][2022-06-07 13:34:45.885 +05:00 INF  Executed DbCommand (1ms) [Parameters=[@__normalizedRoleName_0='?' (Size = 256)], CommandType='"Text"', CommandTimeout='30']
SELECT TOP(2) [a].[Id], [a].[ConcurrencyStamp], [a].[Name], [a].[NormalizedName]
FROM [AspNetRoles] AS [a]
WHERE [a].[NormalizedName] = @__normalizedRoleName_0 
][2022-06-07 13:34:45.889 +05:00 INF  Executed DbCommand (1ms) [Parameters=[@__p_0='?' (Size = 450), @__p_1='?' (Size = 450)], CommandType='"Text"', CommandTimeout='30']
SELECT TOP(1) [a].[UserId], [a].[RoleId]
FROM [AspNetUserRoles] AS [a]
WHERE ([a].[UserId] = @__p_0) AND ([a].[RoleId] = @__p_1) 
][2022-06-07 13:34:45.890 +05:00 INF  Executed DbCommand (1ms) [Parameters=[@__normalizedRoleName_0='?' (Size = 256)], CommandType='"Text"', CommandTimeout='30']
SELECT TOP(2) [a].[Id], [a].[ConcurrencyStamp], [a].[Name], [a].[NormalizedName]
FROM [AspNetRoles] AS [a]
WHERE [a].[NormalizedName] = @__normalizedRoleName_0 
][2022-06-07 13:34:45.891 +05:00 INF  Executed DbCommand (1ms) [Parameters=[@__normalizedUserName_0='?' (Size = 256)], CommandType='"Text"', CommandTimeout='30']
SELECT TOP(1) [a].[Id], [a].[AccessFailedCount], [a].[ConcurrencyStamp], [a].[Email], [a].[EmailConfirmed], [a].[LockoutEnabled], [a].[LockoutEnd], [a].[NormalizedEmail], [a].[NormalizedUserName], [a].[PasswordHash], [a].[PhoneNumber], [a].[PhoneNumberConfirmed], [a].[SecurityStamp], [a].[TwoFactorEnabled], [a].[UserName]
FROM [AspNetUsers] AS [a]
WHERE [a].[NormalizedUserName] = @__normalizedUserName_0 
][2022-06-07 13:34:45.899 +05:00 INF  Executed DbCommand (2ms) [Parameters=[@p0='?' (Size = 450), @p1='?' (Size = 450)], CommandType='"Text"', CommandTimeout='30']
SET NOCOUNT ON;
INSERT INTO [AspNetUserRoles] ([RoleId], [UserId])
VALUES (@p0, @p1); 
][2022-06-07 13:34:45.900 +05:00 INF  Executed DbCommand (0ms) [Parameters=[@p0='?' (Size = 450), @p1='?' (Size = 450)], CommandType='"Text"', CommandTimeout='30']
SET NOCOUNT ON;
INSERT INTO [AspNetUserRoles] ([RoleId], [UserId])
VALUES (@p0, @p1); 
][2022-06-07 13:34:45.900 +05:00 INF  Executed DbCommand (0ms) [Parameters=[@p14='?' (Size = 450), @p0='?' (DbType = Int32), @p1='?' (Size = 4000), @p15='?' (Size = 4000), @p2='?' (Size = 256), @p3='?' (DbType = Boolean), @p4='?' (DbType = Boolean), @p5='?' (DbType = DateTimeOffset), @p6='?' (Size = 256), @p7='?' (Size = 256), @p8='?' (Size = 4000), @p9='?' (Size = 4000), @p10='?' (DbType = Boolean), @p11='?' (Size = 4000), @p12='?' (DbType = Boolean), @p13='?' (Size = 256)], CommandType='"Text"', CommandTimeout='30']
SET NOCOUNT ON;
UPDATE [AspNetUsers] SET [AccessFailedCount] = @p0, [ConcurrencyStamp] = @p1, [Email] = @p2, [EmailConfirmed] = @p3, [LockoutEnabled] = @p4, [LockoutEnd] = @p5, [NormalizedEmail] = @p6, [NormalizedUserName] = @p7, [PasswordHash] = @p8, [PhoneNumber] = @p9, [PhoneNumberConfirmed] = @p10, [SecurityStamp] = @p11, [TwoFactorEnabled] = @p12, [UserName] = @p13
WHERE [Id] = @p14 AND [ConcurrencyStamp] = @p15;
SELECT @@ROWCOUNT; 
][2022-06-07 13:34:45.902 +05:00 INF  Executed DbCommand (1ms) [Parameters=[@__normalizedUserName_0='?' (Size = 256)], CommandType='"Text"', CommandTimeout='30']
SELECT TOP(1) [a].[Id], [a].[AccessFailedCount], [a].[ConcurrencyStamp], [a].[Email], [a].[EmailConfirmed], [a].[LockoutEnabled], [a].[LockoutEnd], [a].[NormalizedEmail], [a].[NormalizedUserName], [a].[PasswordHash], [a].[PhoneNumber], [a].[PhoneNumberConfirmed], [a].[SecurityStamp], [a].[TwoFactorEnabled], [a].[UserName]
FROM [AspNetUsers] AS [a]
WHERE [a].[NormalizedUserName] = @__normalizedUserName_0 
][2022-06-07 13:34:45.903 +05:00 INF  Executed DbCommand (0ms) [Parameters=[@p14='?' (Size = 450), @p0='?' (DbType = Int32), @p1='?' (Size = 4000), @p15='?' (Size = 4000), @p2='?' (Size = 256), @p3='?' (DbType = Boolean), @p4='?' (DbType = Boolean), @p5='?' (DbType = DateTimeOffset), @p6='?' (Size = 256), @p7='?' (Size = 256), @p8='?' (Size = 4000), @p9='?' (Size = 4000), @p10='?' (DbType = Boolean), @p11='?' (Size = 4000), @p12='?' (DbType = Boolean), @p13='?' (Size = 256)], CommandType='"Text"', CommandTimeout='30']
SET NOCOUNT ON;
UPDATE [AspNetUsers] SET [AccessFailedCount] = @p0, [ConcurrencyStamp] = @p1, [Email] = @p2, [EmailConfirmed] = @p3, [LockoutEnabled] = @p4, [LockoutEnd] = @p5, [NormalizedEmail] = @p6, [NormalizedUserName] = @p7, [PasswordHash] = @p8, [PhoneNumber] = @p9, [PhoneNumberConfirmed] = @p10, [SecurityStamp] = @p11, [TwoFactorEnabled] = @p12, [UserName] = @p13
WHERE [Id] = @p14 AND [ConcurrencyStamp] = @p15;
SELECT @@ROWCOUNT; 
][2022-06-07 13:34:45.904 +05:00 INF  Executing OkObjectResult, writing value of type 'Microsoft.AspNetCore.Identity.IdentityResult'. 
][2022-06-07 13:34:45.905 +05:00 INF  Executed action WebUI.Controllers.AccountController.UpdateUser (WebUI) in 232.2699ms 
][2022-06-07 13:34:45.905 +05:00 INF  Executed endpoint 'WebUI.Controllers.AccountController.UpdateUser (WebUI)' 
][2022-06-07 13:34:45.905 +05:00 INF  Request finished HTTP/2 PUT https://localhost:7070/Account/UpdateUser application/json 197 - 200 - application/json;+charset=utf-8 241.9311ms 
][2022-06-07 13:35:01.557 +05:00 INF  Request starting HTTP/2 OPTIONS https://localhost:7070/department - - 
][2022-06-07 13:35:01.558 +05:00 INF  CORS policy execution successful. 
][2022-06-07 13:35:01.558 +05:00 INF  Request finished HTTP/2 OPTIONS https://localhost:7070/department - - - 204 - - 0.9790ms 
][2022-06-07 13:35:01.563 +05:00 INF  Request starting HTTP/2 GET https://localhost:7070/department application/json - 
][2022-06-07 13:35:01.563 +05:00 INF  CORS policy execution successful. 
][2022-06-07 13:35:01.564 +05:00 INF  Executing endpoint 'WebUI.Controllers.DepartmentController.GetAllDepartments (WebUI)' 
][2022-06-07 13:35:01.564 +05:00 INF  Route matched with {action = "GetAllDepartments", controller = "Department"}. Executing controller action with signature Microsoft.AspNetCore.Mvc.ActionResult`1[System.Collections.IEnumerable] GetAllDepartments() on controller WebUI.Controllers.DepartmentController (WebUI). 
][2022-06-07 13:35:01.564 +05:00 INF  Entity Framework Core 6.0.4 initialized 'DataContext' using provider 'Microsoft.EntityFrameworkCore.SqlServer:6.0.4' with options: None 
][2022-06-07 13:35:01.565 +05:00 INF  Executed DbCommand (0ms) [Parameters=[], CommandType='"Text"', CommandTimeout='30']
SELECT [d].[Id], [d].[DepartmentName]
FROM [Department] AS [d] 
][2022-06-07 13:35:01.565 +05:00 INF  Executing OkObjectResult, writing value of type 'System.Collections.Generic.List`1[[Domain.Models.Department, Domain, Version=1.0.0.0, Culture=neutral, PublicKeyToken=null]]'. 
][2022-06-07 13:35:01.565 +05:00 INF  Executed action WebUI.Controllers.DepartmentController.GetAllDepartments (WebUI) in 1.2343ms 
][2022-06-07 13:35:01.565 +05:00 INF  Executed endpoint 'WebUI.Controllers.DepartmentController.GetAllDepartments (WebUI)' 
][2022-06-07 13:35:01.565 +05:00 INF  Request finished HTTP/2 GET https://localhost:7070/department application/json - - 200 - application/json;+charset=utf-8 1.9944ms 
][2022-06-07 14:49:02.173 +05:00 INF  Request starting HTTP/2 OPTIONS https://localhost:7070/Account/GetRoles - - 
][2022-06-07 14:49:02.173 +05:00 INF  CORS policy execution successful. 
][2022-06-07 14:49:02.174 +05:00 INF  Request finished HTTP/2 OPTIONS https://localhost:7070/Account/GetRoles - - - 204 - - 0.5973ms 
][2022-06-07 14:49:02.179 +05:00 INF  Request starting HTTP/2 GET https://localhost:7070/Account/GetRoles application/json - 
][2022-06-07 14:49:02.180 +05:00 INF  CORS policy execution successful. 
][2022-06-07 14:49:02.180 +05:00 INF  Executing endpoint 'WebUI.Controllers.AccountController.GetRoles (WebUI)' 
][2022-06-07 14:49:02.180 +05:00 INF  Route matched with {action = "GetRoles", controller = "Account"}. Executing controller action with signature Microsoft.AspNetCore.Mvc.ActionResult`1[System.Collections.Generic.List`1[Microsoft.AspNetCore.Identity.IdentityRole]] GetRoles() on controller WebUI.Controllers.AccountController (WebUI). 
][2022-06-07 14:49:02.181 +05:00 INF  Entity Framework Core 6.0.4 initialized 'DataContext' using provider 'Microsoft.EntityFrameworkCore.SqlServer:6.0.4' with options: None 
][2022-06-07 14:49:02.185 +05:00 INF  Executed DbCommand (1ms) [Parameters=[], CommandType='"Text"', CommandTimeout='30']
SELECT [a].[Id], [a].[ConcurrencyStamp], [a].[Name], [a].[NormalizedName]
FROM [AspNetRoles] AS [a] 
][2022-06-07 14:49:02.185 +05:00 INF  Executing ObjectResult, writing value of type 'System.Collections.Generic.List`1[[Microsoft.AspNetCore.Identity.IdentityRole, Microsoft.Extensions.Identity.Stores, Version=6.0.0.0, Culture=neutral, PublicKeyToken=adb9793829ddae60]]'. 
][2022-06-07 14:49:02.185 +05:00 INF  Executed action WebUI.Controllers.AccountController.GetRoles (WebUI) in 4.9861ms 
][2022-06-07 14:49:02.185 +05:00 INF  Executed endpoint 'WebUI.Controllers.AccountController.GetRoles (WebUI)' 
][2022-06-07 14:49:02.185 +05:00 INF  Request finished HTTP/2 GET https://localhost:7070/Account/GetRoles application/json - - 200 - application/json;+charset=utf-8 5.7518ms 
][2022-06-07 14:49:08.633 +05:00 INF  Request starting HTTP/2 OPTIONS https://localhost:7070/Account/Login - - 
][2022-06-07 14:49:08.633 +05:00 INF  CORS policy execution successful. 
][2022-06-07 14:49:08.634 +05:00 INF  Request finished HTTP/2 OPTIONS https://localhost:7070/Account/Login - - - 204 - - 0.2537ms 
][2022-06-07 14:49:08.635 +05:00 INF  Request starting HTTP/2 POST https://localhost:7070/Account/Login application/json 63 
][2022-06-07 14:49:08.635 +05:00 INF  CORS policy execution successful. 
][2022-06-07 14:49:08.635 +05:00 INF  Executing endpoint 'WebUI.Controllers.AccountController.Login (WebUI)' 
][2022-06-07 14:49:08.635 +05:00 INF  Route matched with {action = "Login", controller = "Account"}. Executing controller action with signature System.Threading.Tasks.Task`1[Microsoft.AspNetCore.Mvc.ActionResult] Login(Domain.Models.LoginAccount) on controller WebUI.Controllers.AccountController (WebUI). 
][2022-06-07 14:49:08.636 +05:00 INF  Entity Framework Core 6.0.4 initialized 'DataContext' using provider 'Microsoft.EntityFrameworkCore.SqlServer:6.0.4' with options: None 
][2022-06-07 14:49:08.639 +05:00 INF  Executed DbCommand (2ms) [Parameters=[@__normalizedUserName_0='?' (Size = 256)], CommandType='"Text"', CommandTimeout='30']
SELECT TOP(1) [a].[Id], [a].[AccessFailedCount], [a].[ConcurrencyStamp], [a].[Email], [a].[EmailConfirmed], [a].[LockoutEnabled], [a].[LockoutEnd], [a].[NormalizedEmail], [a].[NormalizedUserName], [a].[PasswordHash], [a].[PhoneNumber], [a].[PhoneNumberConfirmed], [a].[SecurityStamp], [a].[TwoFactorEnabled], [a].[UserName]
FROM [AspNetUsers] AS [a]
WHERE [a].[NormalizedUserName] = @__normalizedUserName_0 
][2022-06-07 14:49:08.643 +05:00 INF  Executed DbCommand (3ms) [Parameters=[@__userId_0='?' (Size = 450)], CommandType='"Text"', CommandTimeout='30']
SELECT [a0].[Name]
FROM [AspNetUserRoles] AS [a]
INNER JOIN [AspNetRoles] AS [a0] ON [a].[RoleId] = [a0].[Id]
WHERE [a].[UserId] = @__userId_0 
][2022-06-07 14:49:08.655 +05:00 INF  Executing OkObjectResult, writing value of type 'System.String'. 
][2022-06-07 14:49:08.655 +05:00 INF  Executed action WebUI.Controllers.AccountController.Login (WebUI) in 19.9293ms 
][2022-06-07 14:49:08.655 +05:00 INF  Executed endpoint 'WebUI.Controllers.AccountController.Login (WebUI)' 
][2022-06-07 14:49:08.656 +05:00 INF  Request finished HTTP/2 POST https://localhost:7070/Account/Login application/json 63 - 200 - text/plain;+charset=utf-8 20.8880ms 
][2022-06-07 14:49:08.669 +05:00 INF  Request starting HTTP/2 OPTIONS https://localhost:7070/department - - 
][2022-06-07 14:49:08.669 +05:00 INF  CORS policy execution successful. 
][2022-06-07 14:49:08.670 +05:00 INF  Request finished HTTP/2 OPTIONS https://localhost:7070/department - - - 204 - - 0.4123ms 
][2022-06-07 14:49:08.671 +05:00 INF  Request starting HTTP/2 GET https://localhost:7070/department application/json - 
][2022-06-07 14:49:08.671 +05:00 INF  CORS policy execution successful. 
][2022-06-07 14:49:08.672 +05:00 INF  Executing endpoint 'WebUI.Controllers.DepartmentController.GetAllDepartments (WebUI)' 
][2022-06-07 14:49:08.672 +05:00 INF  Route matched with {action = "GetAllDepartments", controller = "Department"}. Executing controller action with signature Microsoft.AspNetCore.Mvc.ActionResult`1[System.Collections.IEnumerable] GetAllDepartments() on controller WebUI.Controllers.DepartmentController (WebUI). 
][2022-06-07 14:49:08.673 +05:00 INF  Entity Framework Core 6.0.4 initialized 'DataContext' using provider 'Microsoft.EntityFrameworkCore.SqlServer:6.0.4' with options: None 
][2022-06-07 14:49:08.674 +05:00 INF  Executed DbCommand (1ms) [Parameters=[], CommandType='"Text"', CommandTimeout='30']
SELECT [d].[Id], [d].[DepartmentName]
FROM [Department] AS [d] 
][2022-06-07 14:49:08.675 +05:00 INF  Executing OkObjectResult, writing value of type 'System.Collections.Generic.List`1[[Domain.Models.Department, Domain, Version=1.0.0.0, Culture=neutral, PublicKeyToken=null]]'. 
][2022-06-07 14:49:08.675 +05:00 INF  Executed action WebUI.Controllers.DepartmentController.GetAllDepartments (WebUI) in 2.8765ms 
][2022-06-07 14:49:08.675 +05:00 INF  Executed endpoint 'WebUI.Controllers.DepartmentController.GetAllDepartments (WebUI)' 
][2022-06-07 14:49:08.675 +05:00 INF  Request finished HTTP/2 GET https://localhost:7070/department application/json - - 200 - application/json;+charset=utf-8 3.7105ms 
][2022-06-07 14:49:24.267 +05:00 INF  Request starting HTTP/2 OPTIONS https://localhost:7070/Account/GetRoles - - 
][2022-06-07 14:49:24.267 +05:00 INF  CORS policy execution successful. 
][2022-06-07 14:49:24.267 +05:00 INF  Request finished HTTP/2 OPTIONS https://localhost:7070/Account/GetRoles - - - 204 - - 0.2909ms 
][2022-06-07 14:49:24.272 +05:00 INF  Request starting HTTP/2 GET https://localhost:7070/Account/GetRoles application/json - 
][2022-06-07 14:49:24.272 +05:00 INF  CORS policy execution successful. 
][2022-06-07 14:49:24.273 +05:00 INF  Executing endpoint 'WebUI.Controllers.AccountController.GetRoles (WebUI)' 
][2022-06-07 14:49:24.273 +05:00 INF  Route matched with {action = "GetRoles", controller = "Account"}. Executing controller action with signature Microsoft.AspNetCore.Mvc.ActionResult`1[System.Collections.Generic.List`1[Microsoft.AspNetCore.Identity.IdentityRole]] GetRoles() on controller WebUI.Controllers.AccountController (WebUI). 
][2022-06-07 14:49:24.273 +05:00 INF  Entity Framework Core 6.0.4 initialized 'DataContext' using provider 'Microsoft.EntityFrameworkCore.SqlServer:6.0.4' with options: None 
][2022-06-07 14:49:24.275 +05:00 INF  Executed DbCommand (2ms) [Parameters=[], CommandType='"Text"', CommandTimeout='30']
SELECT [a].[Id], [a].[ConcurrencyStamp], [a].[Name], [a].[NormalizedName]
FROM [AspNetRoles] AS [a] 
][2022-06-07 14:49:24.275 +05:00 INF  Executing ObjectResult, writing value of type 'System.Collections.Generic.List`1[[Microsoft.AspNetCore.Identity.IdentityRole, Microsoft.Extensions.Identity.Stores, Version=6.0.0.0, Culture=neutral, PublicKeyToken=adb9793829ddae60]]'. 
][2022-06-07 14:49:24.275 +05:00 INF  Executed action WebUI.Controllers.AccountController.GetRoles (WebUI) in 2.6285ms 
][2022-06-07 14:49:24.276 +05:00 INF  Executed endpoint 'WebUI.Controllers.AccountController.GetRoles (WebUI)' 
][2022-06-07 14:49:24.276 +05:00 INF  Request finished HTTP/2 GET https://localhost:7070/Account/GetRoles application/json - - 200 - application/json;+charset=utf-8 3.4250ms 
][2022-06-07 15:33:16.715 +05:00 INF  User profile is available. Using 'C:\Users\shahzad.javaid\AppData\Local\ASP.NET\DataProtection-Keys' as key repository and Windows DPAPI to encrypt keys at rest. 
][2022-06-07 15:33:16.928 +05:00 INF  Now listening on: https://localhost:7070 
][2022-06-07 15:33:16.929 +05:00 INF  Now listening on: http://localhost:5070 
][2022-06-07 15:33:16.933 +05:00 INF  Application started. Press Ctrl+C to shut down. 
][2022-06-07 15:33:16.933 +05:00 INF  Hosting environment: Development 
][2022-06-07 15:33:16.933 +05:00 INF  Content root path: C:\Users\shahzad.javaid\source\repos\AuthCleanArchitectureApiTask\AuthCleanArchitectureApiTask\ 
][2022-06-07 15:33:17.635 +05:00 INF  Request starting HTTP/2 GET https://localhost:7070/swagger/index.html - - 
][2022-06-07 15:33:17.760 +05:00 INF  Request finished HTTP/2 GET https://localhost:7070/swagger/index.html - - - 200 - text/html;charset=utf-8 128.1187ms 
][2022-06-07 15:33:17.775 +05:00 INF  Request starting HTTP/2 GET https://localhost:7070/_framework/aspnetcore-browser-refresh.js - - 
][2022-06-07 15:33:17.777 +05:00 INF  Request finished HTTP/2 GET https://localhost:7070/_framework/aspnetcore-browser-refresh.js - - - 200 11939 application/javascript;+charset=utf-8 1.8686ms 
][2022-06-07 15:33:17.869 +05:00 INF  Request starting HTTP/2 GET https://localhost:7070/swagger/v1/swagger.json - - 
][2022-06-07 15:33:17.972 +05:00 INF  Request finished HTTP/2 GET https://localhost:7070/swagger/v1/swagger.json - - - 200 - application/json;charset=utf-8 103.3769ms 
][2022-06-07 15:33:52.907 +05:00 INF  Request starting HTTP/2 OPTIONS https://localhost:7070/Account/Login - - 
][2022-06-07 15:33:52.911 +05:00 INF  CORS policy execution successful. 
][2022-06-07 15:33:52.914 +05:00 INF  Request finished HTTP/2 OPTIONS https://localhost:7070/Account/Login - - - 204 - - 6.8630ms 
][2022-06-07 15:33:52.921 +05:00 INF  Request starting HTTP/2 POST https://localhost:7070/Account/Login application/json 63 
][2022-06-07 15:33:52.925 +05:00 INF  CORS policy execution successful. 
][2022-06-07 15:33:52.988 +05:00 INF  Executing endpoint 'WebUI.Controllers.AccountController.Login (WebUI)' 
][2022-06-07 15:33:53.009 +05:00 INF  Route matched with {action = "Login", controller = "Account"}. Executing controller action with signature System.Threading.Tasks.Task`1[Microsoft.AspNetCore.Mvc.ActionResult] Login(Domain.Models.LoginAccount) on controller WebUI.Controllers.AccountController (WebUI). 
][2022-06-07 15:33:53.943 +05:00 INF  Entity Framework Core 6.0.4 initialized 'DataContext' using provider 'Microsoft.EntityFrameworkCore.SqlServer:6.0.4' with options: None 
][2022-06-07 15:33:54.513 +05:00 INF  Executed DbCommand (40ms) [Parameters=[@__normalizedUserName_0='?' (Size = 256)], CommandType='"Text"', CommandTimeout='30']
SELECT TOP(1) [a].[Id], [a].[AccessFailedCount], [a].[ConcurrencyStamp], [a].[Email], [a].[EmailConfirmed], [a].[LockoutEnabled], [a].[LockoutEnd], [a].[NormalizedEmail], [a].[NormalizedUserName], [a].[PasswordHash], [a].[PhoneNumber], [a].[PhoneNumberConfirmed], [a].[SecurityStamp], [a].[TwoFactorEnabled], [a].[UserName]
FROM [AspNetUsers] AS [a]
WHERE [a].[NormalizedUserName] = @__normalizedUserName_0 
][2022-06-07 15:33:54.634 +05:00 INF  Executed DbCommand (5ms) [Parameters=[@__userId_0='?' (Size = 450)], CommandType='"Text"', CommandTimeout='30']
SELECT [a0].[Name]
FROM [AspNetUserRoles] AS [a]
INNER JOIN [AspNetRoles] AS [a0] ON [a].[RoleId] = [a0].[Id]
WHERE [a].[UserId] = @__userId_0 
][2022-06-07 15:33:54.763 +05:00 INF  Executing OkObjectResult, writing value of type 'System.String'. 
][2022-06-07 15:33:54.769 +05:00 INF  Executed action WebUI.Controllers.AccountController.Login (WebUI) in 1754.7247ms 
][2022-06-07 15:33:54.769 +05:00 INF  Executed endpoint 'WebUI.Controllers.AccountController.Login (WebUI)' 
][2022-06-07 15:33:54.774 +05:00 INF  Request finished HTTP/2 POST https://localhost:7070/Account/Login application/json 63 - 200 - text/plain;+charset=utf-8 1853.4300ms 
][2022-06-07 15:33:54.787 +05:00 INF  Request starting HTTP/2 OPTIONS https://localhost:7070/department - - 
][2022-06-07 15:33:54.788 +05:00 INF  CORS policy execution successful. 
][2022-06-07 15:33:54.789 +05:00 INF  Request finished HTTP/2 OPTIONS https://localhost:7070/department - - - 204 - - 2.1892ms 
][2022-06-07 15:33:54.795 +05:00 INF  Request starting HTTP/2 GET https://localhost:7070/department application/json - 
][2022-06-07 15:33:54.795 +05:00 INF  CORS policy execution successful. 
][2022-06-07 15:33:54.853 +05:00 INF  Executing endpoint 'WebUI.Controllers.DepartmentController.GetAllDepartments (WebUI)' 
][2022-06-07 15:33:54.854 +05:00 INF  Route matched with {action = "GetAllDepartments", controller = "Department"}. Executing controller action with signature Microsoft.AspNetCore.Mvc.ActionResult`1[System.Collections.IEnumerable] GetAllDepartments() on controller WebUI.Controllers.DepartmentController (WebUI). 
][2022-06-07 15:33:54.887 +05:00 INF  Entity Framework Core 6.0.4 initialized 'DataContext' using provider 'Microsoft.EntityFrameworkCore.SqlServer:6.0.4' with options: None 
][2022-06-07 15:33:54.897 +05:00 INF  Executed DbCommand (2ms) [Parameters=[], CommandType='"Text"', CommandTimeout='30']
SELECT [d].[Id], [d].[DepartmentName]
FROM [Department] AS [d] 
][2022-06-07 15:33:54.909 +05:00 INF  Executing OkObjectResult, writing value of type 'System.Collections.Generic.List`1[[Domain.Models.Department, Domain, Version=1.0.0.0, Culture=neutral, PublicKeyToken=null]]'. 
][2022-06-07 15:33:54.911 +05:00 INF  Executed action WebUI.Controllers.DepartmentController.GetAllDepartments (WebUI) in 56.4522ms 
][2022-06-07 15:33:54.911 +05:00 INF  Executed endpoint 'WebUI.Controllers.DepartmentController.GetAllDepartments (WebUI)' 
][2022-06-07 15:33:54.911 +05:00 INF  Request finished HTTP/2 GET https://localhost:7070/department application/json - - 200 - application/json;+charset=utf-8 116.2732ms 
][2022-06-07 15:34:00.474 +05:00 INF  Request starting HTTP/2 OPTIONS https://localhost:7070/Account/GetRoles - - 
][2022-06-07 15:34:00.474 +05:00 INF  CORS policy execution successful. 
][2022-06-07 15:34:00.475 +05:00 INF  Request finished HTTP/2 OPTIONS https://localhost:7070/Account/GetRoles - - - 204 - - 0.6290ms 
][2022-06-07 15:34:00.476 +05:00 INF  Request starting HTTP/2 OPTIONS https://localhost:7070/Account/GetUsers - - 
][2022-06-07 15:34:00.477 +05:00 INF  CORS policy execution successful. 
][2022-06-07 15:34:00.480 +05:00 INF  Request finished HTTP/2 OPTIONS https://localhost:7070/Account/GetUsers - - - 204 - - 3.5499ms 
][2022-06-07 15:34:00.487 +05:00 INF  Request starting HTTP/2 GET https://localhost:7070/Account/GetUsers application/json - 
][2022-06-07 15:34:00.487 +05:00 INF  Request starting HTTP/2 GET https://localhost:7070/Account/GetRoles application/json - 
][2022-06-07 15:34:00.487 +05:00 INF  CORS policy execution successful. 
][2022-06-07 15:34:00.487 +05:00 INF  CORS policy execution successful. 
][2022-06-07 15:34:00.489 +05:00 INF  Executing endpoint 'WebUI.Controllers.AccountController.GetRoles (WebUI)' 
][2022-06-07 15:34:00.489 +05:00 INF  Executing endpoint 'WebUI.Controllers.AccountController.GetUsers (WebUI)' 
][2022-06-07 15:34:00.490 +05:00 INF  Route matched with {action = "GetUsers", controller = "Account"}. Executing controller action with signature Microsoft.AspNetCore.Mvc.ActionResult GetUsers() on controller WebUI.Controllers.AccountController (WebUI). 
][2022-06-07 15:34:00.490 +05:00 INF  Route matched with {action = "GetRoles", controller = "Account"}. Executing controller action with signature Microsoft.AspNetCore.Mvc.ActionResult`1[System.Collections.Generic.List`1[Microsoft.AspNetCore.Identity.IdentityRole]] GetRoles() on controller WebUI.Controllers.AccountController (WebUI). 
][2022-06-07 15:34:00.505 +05:00 INF  Entity Framework Core 6.0.4 initialized 'DataContext' using provider 'Microsoft.EntityFrameworkCore.SqlServer:6.0.4' with options: None 
][2022-06-07 15:34:00.505 +05:00 INF  Entity Framework Core 6.0.4 initialized 'DataContext' using provider 'Microsoft.EntityFrameworkCore.SqlServer:6.0.4' with options: None 
][2022-06-07 15:34:00.510 +05:00 INF  Executed DbCommand (1ms) [Parameters=[], CommandType='"Text"', CommandTimeout='30']
SELECT [a].[Id], [a].[ConcurrencyStamp], [a].[Name], [a].[NormalizedName]
FROM [AspNetRoles] AS [a] 
][2022-06-07 15:34:00.512 +05:00 INF  Executed DbCommand (1ms) [Parameters=[], CommandType='"Text"', CommandTimeout='30']
SELECT [a].[Id], [a].[AccessFailedCount], [a].[ConcurrencyStamp], [a].[Email], [a].[EmailConfirmed], [a].[LockoutEnabled], [a].[LockoutEnd], [a].[NormalizedEmail], [a].[NormalizedUserName], [a].[PasswordHash], [a].[PhoneNumber], [a].[PhoneNumberConfirmed], [a].[SecurityStamp], [a].[TwoFactorEnabled], [a].[UserName]
FROM [AspNetUsers] AS [a] 
][2022-06-07 15:34:00.517 +05:00 INF  Executing ObjectResult, writing value of type 'System.Collections.Generic.List`1[[Microsoft.AspNetCore.Identity.IdentityRole, Microsoft.Extensions.Identity.Stores, Version=6.0.0.0, Culture=neutral, PublicKeyToken=adb9793829ddae60]]'. 
][2022-06-07 15:34:00.519 +05:00 INF  Executed action WebUI.Controllers.AccountController.GetRoles (WebUI) in 28.7275ms 
][2022-06-07 15:34:00.519 +05:00 INF  Executed endpoint 'WebUI.Controllers.AccountController.GetRoles (WebUI)' 
][2022-06-07 15:34:00.519 +05:00 INF  Request finished HTTP/2 GET https://localhost:7070/Account/GetRoles application/json - - 200 - application/json;+charset=utf-8 33.2109ms 
][2022-06-07 15:34:00.530 +05:00 INF  Executing OkObjectResult, writing value of type 'System.Collections.Generic.List`1[[Application.Dtos.AccountDtos.GetUsersDto, Application, Version=1.0.0.0, Culture=neutral, PublicKeyToken=null]]'. 
][2022-06-07 15:34:00.531 +05:00 INF  Executed action WebUI.Controllers.AccountController.GetUsers (WebUI) in 40.8554ms 
][2022-06-07 15:34:00.531 +05:00 INF  Executed endpoint 'WebUI.Controllers.AccountController.GetUsers (WebUI)' 
][2022-06-07 15:34:00.531 +05:00 INF  Request finished HTTP/2 GET https://localhost:7070/Account/GetUsers application/json - - 200 - application/json;+charset=utf-8 44.8595ms 
][2022-06-07 15:34:07.890 +05:00 INF  Request starting HTTP/2 OPTIONS https://localhost:7070/Account/UpdateUser - - 
][2022-06-07 15:34:07.891 +05:00 INF  CORS policy execution successful. 
][2022-06-07 15:34:07.891 +05:00 INF  Request finished HTTP/2 OPTIONS https://localhost:7070/Account/UpdateUser - - - 204 - - 1.1108ms 
][2022-06-07 15:34:07.893 +05:00 INF  Request starting HTTP/2 PUT https://localhost:7070/Account/UpdateUser application/json 197 
][2022-06-07 15:34:07.894 +05:00 INF  CORS policy execution successful. 
][2022-06-07 15:34:07.896 +05:00 INF  Executing endpoint 'WebUI.Controllers.AccountController.UpdateUser (WebUI)' 
][2022-06-07 15:34:07.899 +05:00 INF  Route matched with {action = "UpdateUser", controller = "Account"}. Executing controller action with signature System.Threading.Tasks.Task`1[Microsoft.AspNetCore.Mvc.ActionResult] UpdateUser(Application.Dtos.AccountDtos.UpdateUserDto) on controller WebUI.Controllers.AccountController (WebUI). 
][2022-06-07 15:34:07.923 +05:00 INF  Entity Framework Core 6.0.4 initialized 'DataContext' using provider 'Microsoft.EntityFrameworkCore.SqlServer:6.0.4' with options: None 
][2022-06-07 15:34:07.928 +05:00 INF  Executed DbCommand (1ms) [Parameters=[@__id_0='?' (Size = 450)], CommandType='"Text"', CommandTimeout='30']
SELECT TOP(1) [a].[Id], [a].[AccessFailedCount], [a].[ConcurrencyStamp], [a].[Email], [a].[EmailConfirmed], [a].[LockoutEnabled], [a].[LockoutEnd], [a].[NormalizedEmail], [a].[NormalizedUserName], [a].[PasswordHash], [a].[PhoneNumber], [a].[PhoneNumberConfirmed], [a].[SecurityStamp], [a].[TwoFactorEnabled], [a].[UserName]
FROM [AspNetUsers] AS [a]
WHERE [a].[Id] = @__id_0 
][2022-06-07 15:34:07.940 +05:00 INF  Executed DbCommand (1ms) [Parameters=[@__userId_0='?' (Size = 450)], CommandType='"Text"', CommandTimeout='30']
SELECT [a0].[Name]
FROM [AspNetUserRoles] AS [a]
INNER JOIN [AspNetRoles] AS [a0] ON [a].[RoleId] = [a0].[Id]
WHERE [a].[UserId] = @__userId_0 
][2022-06-07 15:34:07.950 +05:00 INF  Executed DbCommand (1ms) [Parameters=[@__normalizedRoleName_0='?' (Size = 256)], CommandType='"Text"', CommandTimeout='30']
SELECT TOP(2) [a].[Id], [a].[ConcurrencyStamp], [a].[Name], [a].[NormalizedName]
FROM [AspNetRoles] AS [a]
WHERE [a].[NormalizedName] = @__normalizedRoleName_0 
][2022-06-07 15:34:07.964 +05:00 INF  Executed DbCommand (1ms) [Parameters=[@__p_0='?' (Size = 450), @__p_1='?' (Size = 450)], CommandType='"Text"', CommandTimeout='30']
SELECT TOP(1) [a].[UserId], [a].[RoleId]
FROM [AspNetUserRoles] AS [a]
WHERE ([a].[UserId] = @__p_0) AND ([a].[RoleId] = @__p_1) 
][2022-06-07 15:34:07.976 +05:00 INF  Executed DbCommand (1ms) [Parameters=[@__normalizedRoleName_0='?' (Size = 256)], CommandType='"Text"', CommandTimeout='30']
SELECT TOP(2) [a].[Id], [a].[ConcurrencyStamp], [a].[Name], [a].[NormalizedName]
FROM [AspNetRoles] AS [a]
WHERE [a].[NormalizedName] = @__normalizedRoleName_0 
][2022-06-07 15:34:07.995 +05:00 INF  Executed DbCommand (1ms) [Parameters=[@__normalizedUserName_0='?' (Size = 256)], CommandType='"Text"', CommandTimeout='30']
SELECT TOP(1) [a].[Id], [a].[AccessFailedCount], [a].[ConcurrencyStamp], [a].[Email], [a].[EmailConfirmed], [a].[LockoutEnabled], [a].[LockoutEnd], [a].[NormalizedEmail], [a].[NormalizedUserName], [a].[PasswordHash], [a].[PhoneNumber], [a].[PhoneNumberConfirmed], [a].[SecurityStamp], [a].[TwoFactorEnabled], [a].[UserName]
FROM [AspNetUsers] AS [a]
WHERE [a].[NormalizedUserName] = @__normalizedUserName_0 
][2022-06-07 15:34:08.074 +05:00 INF  Executed DbCommand (2ms) [Parameters=[@p0='?' (Size = 450), @p1='?' (Size = 450)], CommandType='"Text"', CommandTimeout='30']
SET NOCOUNT ON;
DELETE FROM [AspNetUserRoles]
WHERE [RoleId] = @p0 AND [UserId] = @p1;
SELECT @@ROWCOUNT; 
][2022-06-07 15:34:08.089 +05:00 INF  Executed DbCommand (3ms) [Parameters=[@p14='?' (Size = 450), @p0='?' (DbType = Int32), @p1='?' (Size = 4000), @p15='?' (Size = 4000), @p2='?' (Size = 256), @p3='?' (DbType = Boolean), @p4='?' (DbType = Boolean), @p5='?' (DbType = DateTimeOffset), @p6='?' (Size = 256), @p7='?' (Size = 256), @p8='?' (Size = 4000), @p9='?' (Size = 4000), @p10='?' (DbType = Boolean), @p11='?' (Size = 4000), @p12='?' (DbType = Boolean), @p13='?' (Size = 256)], CommandType='"Text"', CommandTimeout='30']
SET NOCOUNT ON;
UPDATE [AspNetUsers] SET [AccessFailedCount] = @p0, [ConcurrencyStamp] = @p1, [Email] = @p2, [EmailConfirmed] = @p3, [LockoutEnabled] = @p4, [LockoutEnd] = @p5, [NormalizedEmail] = @p6, [NormalizedUserName] = @p7, [PasswordHash] = @p8, [PhoneNumber] = @p9, [PhoneNumberConfirmed] = @p10, [SecurityStamp] = @p11, [TwoFactorEnabled] = @p12, [UserName] = @p13
WHERE [Id] = @p14 AND [ConcurrencyStamp] = @p15;
SELECT @@ROWCOUNT; 
][2022-06-07 15:34:08.106 +05:00 INF  Executed DbCommand (1ms) [Parameters=[@__normalizedRoleName_0='?' (Size = 256)], CommandType='"Text"', CommandTimeout='30']
SELECT TOP(2) [a].[Id], [a].[ConcurrencyStamp], [a].[Name], [a].[NormalizedName]
FROM [AspNetRoles] AS [a]
WHERE [a].[NormalizedName] = @__normalizedRoleName_0 
][2022-06-07 15:34:08.108 +05:00 INF  Executed DbCommand (1ms) [Parameters=[@__p_0='?' (Size = 450), @__p_1='?' (Size = 450)], CommandType='"Text"', CommandTimeout='30']
SELECT TOP(1) [a].[UserId], [a].[RoleId]
FROM [AspNetUserRoles] AS [a]
WHERE ([a].[UserId] = @__p_0) AND ([a].[RoleId] = @__p_1) 
][2022-06-07 15:34:08.111 +05:00 INF  Executed DbCommand (1ms) [Parameters=[@__normalizedRoleName_0='?' (Size = 256)], CommandType='"Text"', CommandTimeout='30']
SELECT TOP(2) [a].[Id], [a].[ConcurrencyStamp], [a].[Name], [a].[NormalizedName]
FROM [AspNetRoles] AS [a]
WHERE [a].[NormalizedName] = @__normalizedRoleName_0 
][2022-06-07 15:34:08.120 +05:00 INF  Executed DbCommand (1ms) [Parameters=[@__normalizedRoleName_0='?' (Size = 256)], CommandType='"Text"', CommandTimeout='30']
SELECT TOP(2) [a].[Id], [a].[ConcurrencyStamp], [a].[Name], [a].[NormalizedName]
FROM [AspNetRoles] AS [a]
WHERE [a].[NormalizedName] = @__normalizedRoleName_0 
][2022-06-07 15:34:08.123 +05:00 INF  Executed DbCommand (1ms) [Parameters=[@__p_0='?' (Size = 450), @__p_1='?' (Size = 450)], CommandType='"Text"', CommandTimeout='30']
SELECT TOP(1) [a].[UserId], [a].[RoleId]
FROM [AspNetUserRoles] AS [a]
WHERE ([a].[UserId] = @__p_0) AND ([a].[RoleId] = @__p_1) 
][2022-06-07 15:34:08.124 +05:00 INF  Executed DbCommand (1ms) [Parameters=[@__normalizedRoleName_0='?' (Size = 256)], CommandType='"Text"', CommandTimeout='30']
SELECT TOP(2) [a].[Id], [a].[ConcurrencyStamp], [a].[Name], [a].[NormalizedName]
FROM [AspNetRoles] AS [a]
WHERE [a].[NormalizedName] = @__normalizedRoleName_0 
][2022-06-07 15:34:08.126 +05:00 INF  Executed DbCommand (1ms) [Parameters=[@__normalizedUserName_0='?' (Size = 256)], CommandType='"Text"', CommandTimeout='30']
SELECT TOP(1) [a].[Id], [a].[AccessFailedCount], [a].[ConcurrencyStamp], [a].[Email], [a].[EmailConfirmed], [a].[LockoutEnabled], [a].[LockoutEnd], [a].[NormalizedEmail], [a].[NormalizedUserName], [a].[PasswordHash], [a].[PhoneNumber], [a].[PhoneNumberConfirmed], [a].[SecurityStamp], [a].[TwoFactorEnabled], [a].[UserName]
FROM [AspNetUsers] AS [a]
WHERE [a].[NormalizedUserName] = @__normalizedUserName_0 
][2022-06-07 15:34:08.134 +05:00 INF  Executed DbCommand (1ms) [Parameters=[@p0='?' (Size = 450), @p1='?' (Size = 450)], CommandType='"Text"', CommandTimeout='30']
SET NOCOUNT ON;
INSERT INTO [AspNetUserRoles] ([RoleId], [UserId])
VALUES (@p0, @p1); 
][2022-06-07 15:34:08.135 +05:00 INF  Executed DbCommand (0ms) [Parameters=[@p0='?' (Size = 450), @p1='?' (Size = 450)], CommandType='"Text"', CommandTimeout='30']
SET NOCOUNT ON;
INSERT INTO [AspNetUserRoles] ([RoleId], [UserId])
VALUES (@p0, @p1); 
][2022-06-07 15:34:08.135 +05:00 INF  Executed DbCommand (0ms) [Parameters=[@p14='?' (Size = 450), @p0='?' (DbType = Int32), @p1='?' (Size = 4000), @p15='?' (Size = 4000), @p2='?' (Size = 256), @p3='?' (DbType = Boolean), @p4='?' (DbType = Boolean), @p5='?' (DbType = DateTimeOffset), @p6='?' (Size = 256), @p7='?' (Size = 256), @p8='?' (Size = 4000), @p9='?' (Size = 4000), @p10='?' (DbType = Boolean), @p11='?' (Size = 4000), @p12='?' (DbType = Boolean), @p13='?' (Size = 256)], CommandType='"Text"', CommandTimeout='30']
SET NOCOUNT ON;
UPDATE [AspNetUsers] SET [AccessFailedCount] = @p0, [ConcurrencyStamp] = @p1, [Email] = @p2, [EmailConfirmed] = @p3, [LockoutEnabled] = @p4, [LockoutEnd] = @p5, [NormalizedEmail] = @p6, [NormalizedUserName] = @p7, [PasswordHash] = @p8, [PhoneNumber] = @p9, [PhoneNumberConfirmed] = @p10, [SecurityStamp] = @p11, [TwoFactorEnabled] = @p12, [UserName] = @p13
WHERE [Id] = @p14 AND [ConcurrencyStamp] = @p15;
SELECT @@ROWCOUNT; 
][2022-06-07 15:34:08.137 +05:00 INF  Executed DbCommand (1ms) [Parameters=[@__normalizedUserName_0='?' (Size = 256)], CommandType='"Text"', CommandTimeout='30']
SELECT TOP(1) [a].[Id], [a].[AccessFailedCount], [a].[ConcurrencyStamp], [a].[Email], [a].[EmailConfirmed], [a].[LockoutEnabled], [a].[LockoutEnd], [a].[NormalizedEmail], [a].[NormalizedUserName], [a].[PasswordHash], [a].[PhoneNumber], [a].[PhoneNumberConfirmed], [a].[SecurityStamp], [a].[TwoFactorEnabled], [a].[UserName]
FROM [AspNetUsers] AS [a]
WHERE [a].[NormalizedUserName] = @__normalizedUserName_0 
][2022-06-07 15:34:08.138 +05:00 INF  Executed DbCommand (0ms) [Parameters=[@p14='?' (Size = 450), @p0='?' (DbType = Int32), @p1='?' (Size = 4000), @p15='?' (Size = 4000), @p2='?' (Size = 256), @p3='?' (DbType = Boolean), @p4='?' (DbType = Boolean), @p5='?' (DbType = DateTimeOffset), @p6='?' (Size = 256), @p7='?' (Size = 256), @p8='?' (Size = 4000), @p9='?' (Size = 4000), @p10='?' (DbType = Boolean), @p11='?' (Size = 4000), @p12='?' (DbType = Boolean), @p13='?' (Size = 256)], CommandType='"Text"', CommandTimeout='30']
SET NOCOUNT ON;
UPDATE [AspNetUsers] SET [AccessFailedCount] = @p0, [ConcurrencyStamp] = @p1, [Email] = @p2, [EmailConfirmed] = @p3, [LockoutEnabled] = @p4, [LockoutEnd] = @p5, [NormalizedEmail] = @p6, [NormalizedUserName] = @p7, [PasswordHash] = @p8, [PhoneNumber] = @p9, [PhoneNumberConfirmed] = @p10, [SecurityStamp] = @p11, [TwoFactorEnabled] = @p12, [UserName] = @p13
WHERE [Id] = @p14 AND [ConcurrencyStamp] = @p15;
SELECT @@ROWCOUNT; 
][2022-06-07 15:34:08.139 +05:00 INF  Executing OkObjectResult, writing value of type 'Microsoft.AspNetCore.Identity.IdentityResult'. 
][2022-06-07 15:34:08.140 +05:00 INF  Executed action WebUI.Controllers.AccountController.UpdateUser (WebUI) in 240.5015ms 
][2022-06-07 15:34:08.140 +05:00 INF  Executed endpoint 'WebUI.Controllers.AccountController.UpdateUser (WebUI)' 
][2022-06-07 15:34:08.140 +05:00 INF  Request finished HTTP/2 PUT https://localhost:7070/Account/UpdateUser application/json 197 - 200 - application/json;+charset=utf-8 247.1309ms 
][2022-06-07 15:35:05.488 +05:00 INF  Request starting HTTP/2 OPTIONS https://localhost:7070/department - - 
][2022-06-07 15:35:05.489 +05:00 INF  CORS policy execution successful. 
][2022-06-07 15:35:05.489 +05:00 INF  Request finished HTTP/2 OPTIONS https://localhost:7070/department - - - 204 - - 0.5682ms 
][2022-06-07 15:35:05.493 +05:00 INF  Request starting HTTP/2 GET https://localhost:7070/department application/json - 
][2022-06-07 15:35:05.493 +05:00 INF  CORS policy execution successful. 
][2022-06-07 15:35:05.494 +05:00 INF  Executing endpoint 'WebUI.Controllers.DepartmentController.GetAllDepartments (WebUI)' 
][2022-06-07 15:35:05.494 +05:00 INF  Route matched with {action = "GetAllDepartments", controller = "Department"}. Executing controller action with signature Microsoft.AspNetCore.Mvc.ActionResult`1[System.Collections.IEnumerable] GetAllDepartments() on controller WebUI.Controllers.DepartmentController (WebUI). 
][2022-06-07 15:35:05.495 +05:00 INF  Entity Framework Core 6.0.4 initialized 'DataContext' using provider 'Microsoft.EntityFrameworkCore.SqlServer:6.0.4' with options: None 
][2022-06-07 15:35:05.497 +05:00 INF  Executed DbCommand (1ms) [Parameters=[], CommandType='"Text"', CommandTimeout='30']
SELECT [d].[Id], [d].[DepartmentName]
FROM [Department] AS [d] 
][2022-06-07 15:35:05.497 +05:00 INF  Executing OkObjectResult, writing value of type 'System.Collections.Generic.List`1[[Domain.Models.Department, Domain, Version=1.0.0.0, Culture=neutral, PublicKeyToken=null]]'. 
][2022-06-07 15:35:05.497 +05:00 INF  Executed action WebUI.Controllers.DepartmentController.GetAllDepartments (WebUI) in 3.3751ms 
][2022-06-07 15:35:05.497 +05:00 INF  Executed endpoint 'WebUI.Controllers.DepartmentController.GetAllDepartments (WebUI)' 
][2022-06-07 15:35:05.498 +05:00 INF  Request finished HTTP/2 GET https://localhost:7070/department application/json - - 200 - application/json;+charset=utf-8 4.2332ms 
][2022-06-07 15:41:53.057 +05:00 INF  User profile is available. Using 'C:\Users\shahzad.javaid\AppData\Local\ASP.NET\DataProtection-Keys' as key repository and Windows DPAPI to encrypt keys at rest. 
][2022-06-07 15:41:53.247 +05:00 INF  Now listening on: https://localhost:7070 
][2022-06-07 15:41:53.247 +05:00 INF  Now listening on: http://localhost:5070 
][2022-06-07 15:41:53.250 +05:00 INF  Application started. Press Ctrl+C to shut down. 
][2022-06-07 15:41:53.250 +05:00 INF  Hosting environment: Development 
][2022-06-07 15:41:53.250 +05:00 INF  Content root path: C:\Users\shahzad.javaid\source\repos\AuthCleanArchitectureApiTask\AuthCleanArchitectureApiTask\ 
][2022-06-07 15:41:53.723 +05:00 INF  Request starting HTTP/2 GET https://localhost:7070/swagger/index.html - - 
][2022-06-07 15:41:54.137 +05:00 INF  Request finished HTTP/2 GET https://localhost:7070/swagger/index.html - - - 200 - text/html;charset=utf-8 416.3717ms 
][2022-06-07 15:41:54.144 +05:00 INF  Request starting HTTP/2 GET https://localhost:7070/_framework/aspnetcore-browser-refresh.js - - 
][2022-06-07 15:41:54.146 +05:00 INF  Request finished HTTP/2 GET https://localhost:7070/_framework/aspnetcore-browser-refresh.js - - - 200 11939 application/javascript;+charset=utf-8 2.2009ms 
][2022-06-07 15:41:54.245 +05:00 INF  Request starting HTTP/2 GET https://localhost:7070/swagger/v1/swagger.json - - 
][2022-06-07 15:41:54.350 +05:00 INF  Request finished HTTP/2 GET https://localhost:7070/swagger/v1/swagger.json - - - 200 - application/json;charset=utf-8 104.4870ms 
][2022-06-07 21:52:44.732 +05:00 INF  User profile is available. Using 'C:\Users\shahzad.javaid\AppData\Local\ASP.NET\DataProtection-Keys' as key repository and Windows DPAPI to encrypt keys at rest. 
][2022-06-07 21:52:45.059 +05:00 INF  Now listening on: https://localhost:7070 
][2022-06-07 21:52:45.060 +05:00 INF  Now listening on: http://localhost:5070 
][2022-06-07 21:52:45.064 +05:00 INF  Application started. Press Ctrl+C to shut down. 
][2022-06-07 21:52:45.064 +05:00 INF  Hosting environment: Development 
][2022-06-07 21:52:45.064 +05:00 INF  Content root path: C:\Users\shahzad.javaid\source\repos\StudentManagementSystem\AuthCleanArchitectureApiTask\ 
][2022-06-07 21:52:48.253 +05:00 INF  Request starting HTTP/2 GET https://localhost:7070/swagger/index.html - - 
][2022-06-07 21:52:48.960 +05:00 INF  Request starting HTTP/2 GET https://localhost:7070/_framework/aspnetcore-browser-refresh.js - - 
][2022-06-07 21:52:48.963 +05:00 INF  Request finished HTTP/2 GET https://localhost:7070/swagger/index.html - - - 200 - text/html;charset=utf-8 712.5489ms 
][2022-06-07 21:52:48.966 +05:00 INF  Request finished HTTP/2 GET https://localhost:7070/_framework/aspnetcore-browser-refresh.js - - - 200 11939 application/javascript;+charset=utf-8 5.1044ms 
][2022-06-07 21:52:49.078 +05:00 INF  Request starting HTTP/2 GET https://localhost:7070/swagger/v1/swagger.json - - 
][2022-06-07 21:52:49.184 +05:00 INF  Request finished HTTP/2 GET https://localhost:7070/swagger/v1/swagger.json - - - 200 - application/json;charset=utf-8 106.1253ms 
]