[2022-06-03 11:01:28.009 +05:00 INF  User profile is available. Using 'C:\Users\shahzad.javaid\AppData\Local\ASP.NET\DataProtection-Keys' as key repository and Windows DPAPI to encrypt keys at rest. 
][2022-06-03 11:01:28.452 +05:00 INF  Now listening on: https://localhost:7070 
][2022-06-03 11:01:28.453 +05:00 INF  Now listening on: http://localhost:5070 
][2022-06-03 11:01:28.459 +05:00 INF  Application started. Press Ctrl+C to shut down. 
][2022-06-03 11:01:28.459 +05:00 INF  Hosting environment: Development 
][2022-06-03 11:01:28.459 +05:00 INF  Content root path: C:\Users\shahzad.javaid\source\repos\AuthCleanArchitectureApiTask\AuthCleanArchitectureApiTask\ 
][2022-06-03 11:01:29.526 +05:00 INF  Request starting HTTP/2 GET https://localhost:7070/swagger/index.html - - 
][2022-06-03 11:01:30.099 +05:00 INF  Request finished HTTP/2 GET https://localhost:7070/swagger/index.html - - - 200 - text/html;charset=utf-8 575.6737ms 
][2022-06-03 11:01:30.123 +05:00 INF  Request starting HTTP/2 GET https://localhost:7070/_framework/aspnetcore-browser-refresh.js - - 
][2022-06-03 11:01:30.130 +05:00 INF  Request finished HTTP/2 GET https://localhost:7070/_framework/aspnetcore-browser-refresh.js - - - 200 11939 application/javascript;+charset=utf-8 6.2522ms 
][2022-06-03 11:01:30.392 +05:00 INF  Request starting HTTP/2 GET https://localhost:7070/swagger/v1/swagger.json - - 
][2022-06-03 11:01:30.609 +05:00 INF  Request finished HTTP/2 GET https://localhost:7070/swagger/v1/swagger.json - - - 200 - application/json;charset=utf-8 217.3825ms 
][2022-06-03 11:01:57.610 +05:00 INF  Request starting HTTP/1.1 POST https://localhost:7070/Account/Login application/json 79 
][2022-06-03 11:01:57.764 +05:00 INF  Executing endpoint 'WebUI.Controllers.AccountController.Login (WebUI)' 
][2022-06-03 11:01:57.802 +05:00 INF  Route matched with {action = "Login", controller = "Account"}. Executing controller action with signature System.Threading.Tasks.Task`1[Microsoft.AspNetCore.Mvc.ActionResult] Login(Domain.Models.LoginAccount) on controller WebUI.Controllers.AccountController (WebUI). 
][2022-06-03 11:01:59.091 +05:00 INF  Entity Framework Core 6.0.4 initialized 'DataContext' using provider 'Microsoft.EntityFrameworkCore.SqlServer:6.0.4' with options: None 
][2022-06-03 11:02:00.138 +05:00 INF  Executed DbCommand (61ms) [Parameters=[@__normalizedUserName_0='?' (Size = 256)], CommandType='"Text"', CommandTimeout='30']
SELECT TOP(1) [a].[Id], [a].[AccessFailedCount], [a].[ConcurrencyStamp], [a].[Email], [a].[EmailConfirmed], [a].[LockoutEnabled], [a].[LockoutEnd], [a].[NormalizedEmail], [a].[NormalizedUserName], [a].[PasswordHash], [a].[PhoneNumber], [a].[PhoneNumberConfirmed], [a].[SecurityStamp], [a].[TwoFactorEnabled], [a].[UserName]
FROM [AspNetUsers] AS [a]
WHERE [a].[NormalizedUserName] = @__normalizedUserName_0 
][2022-06-03 11:02:00.321 +05:00 INF  Executed DbCommand (6ms) [Parameters=[@__userId_0='?' (Size = 450)], CommandType='"Text"', CommandTimeout='30']
SELECT [a0].[Name]
FROM [AspNetUserRoles] AS [a]
INNER JOIN [AspNetRoles] AS [a0] ON [a].[RoleId] = [a0].[Id]
WHERE [a].[UserId] = @__userId_0 
][2022-06-03 11:02:00.557 +05:00 INF  Executing OkObjectResult, writing value of type 'System.String'. 
][2022-06-03 11:02:00.567 +05:00 INF  Executed action WebUI.Controllers.AccountController.Login (WebUI) in 2758.9741ms 
][2022-06-03 11:02:00.567 +05:00 INF  Executed endpoint 'WebUI.Controllers.AccountController.Login (WebUI)' 
][2022-06-03 11:02:00.572 +05:00 INF  Request finished HTTP/1.1 POST https://localhost:7070/Account/Login application/json 79 - 200 - text/plain;+charset=utf-8 2962.6728ms 
]